0 info it worked if it ends with ok
1 verbose cli [ '/usr/local/bin/node', '/usr/local/bin/npm', 'run', 'lint' ]
2 info using npm@3.10.3
3 info using node@v6.5.0
4 verbose run-script [ 'prelint', 'lint', 'postlint' ]
5 info lifecycle CoreUI@1.0.0-alpha.2~prelint: CoreUI@1.0.0-alpha.2
6 silly lifecycle CoreUI@1.0.0-alpha.2~prelint: no script for prelint, continuing
7 info lifecycle CoreUI@1.0.0-alpha.2~lint: CoreUI@1.0.0-alpha.2
8 verbose lifecycle CoreUI@1.0.0-alpha.2~lint: unsafe-perm in lifecycle true
9 verbose lifecycle CoreUI@1.0.0-alpha.2~lint: PATH: /usr/local/lib/node_modules/npm/bin/node-gyp-bin:/Applications/MAMP/htdocs/crtlbs/CoreUI-Private/_Angular2_Development_CLI/node_modules/.bin:/usr/local/bin:/usr/local/opt/php56/bin:/usr/local/bin:/usr/bin:/bin:/usr/sbin:/sbin
10 verbose lifecycle CoreUI@1.0.0-alpha.2~lint: CWD: /Applications/MAMP/htdocs/crtlbs/CoreUI-Private/_Angular2_Development_CLI
11 silly lifecycle CoreUI@1.0.0-alpha.2~lint: Args: [ '-c', 'tslint "src/**/*.ts"' ]
12 silly lifecycle CoreUI@1.0.0-alpha.2~lint: Returned: code: 2  signal: null
13 info lifecycle CoreUI@1.0.0-alpha.2~lint: Failed to exec lint script
14 verbose stack Error: CoreUI@1.0.0-alpha.2 lint: `tslint "src/**/*.ts"`
14 verbose stack Exit status 2
14 verbose stack     at EventEmitter.<anonymous> (/usr/local/lib/node_modules/npm/lib/utils/lifecycle.js:242:16)
14 verbose stack     at emitTwo (events.js:106:13)
14 verbose stack     at EventEmitter.emit (events.js:191:7)
14 verbose stack     at ChildProcess.<anonymous> (/usr/local/lib/node_modules/npm/lib/utils/spawn.js:40:14)
14 verbose stack     at emitTwo (events.js:106:13)
14 verbose stack     at ChildProcess.emit (events.js:191:7)
14 verbose stack     at maybeClose (internal/child_process.js:877:16)
14 verbose stack     at Process.ChildProcess._handle.onexit (internal/child_process.js:226:5)
15 verbose pkgid CoreUI@1.0.0-alpha.2
16 verbose cwd /Applications/MAMP/htdocs/crtlbs/CoreUI-Private/_Angular2_Development_CLI
17 error Darwin 16.3.0
18 error argv "/usr/local/bin/node" "/usr/local/bin/npm" "run" "lint"
19 error node v6.5.0
20 error npm  v3.10.3
21 error code ELIFECYCLE
22 error CoreUI@1.0.0-alpha.2 lint: `tslint "src/**/*.ts"`
22 error Exit status 2
23 error Failed at the CoreUI@1.0.0-alpha.2 lint script 'tslint "src/**/*.ts"'.
23 error Make sure you have the latest version of node.js and npm installed.
23 error If you do, this is most likely a problem with the CoreUI package,
23 error not with npm itself.
23 error Tell the author that this fails on your system:
23 error     tslint "src/**/*.ts"
23 error You can get information on how to open an issue for this project with:
23 error     npm bugs CoreUI
23 error Or if that isn't available, you can get their info via:
23 error     npm owner ls CoreUI
23 error There is likely additional logging output above.
24 verbose exit [ 1, true ]
