0 info it worked if it ends with ok
1 verbose cli [ 'node', '/usr/local/bin/npm', 'start' ]
2 info using npm@3.10.6
3 info using node@v0.12.7
4 verbose run-script [ 'prestart', 'start', 'poststart' ]
5 info lifecycle CoreUI@1.0.0-alpha.1~prestart: CoreUI@1.0.0-alpha.1
6 silly lifecycle CoreUI@1.0.0-alpha.1~prestart: no script for prestart, continuing
7 info lifecycle CoreUI@1.0.0-alpha.1~start: CoreUI@1.0.0-alpha.1
8 verbose lifecycle CoreUI@1.0.0-alpha.1~start: unsafe-perm in lifecycle true
9 verbose lifecycle CoreUI@1.0.0-alpha.1~start: PATH: /usr/local/lib/node_modules/npm/bin/node-gyp-bin:/Applications/MAMP/htdocs/crtlbs/CoreUI-Private/_Angular2_Development/node_modules/.bin:/usr/local/opt/php56/bin:/usr/local/bin:/usr/bin:/bin:/usr/sbin:/sbin
10 verbose lifecycle CoreUI@1.0.0-alpha.1~start: CWD: /Applications/MAMP/htdocs/crtlbs/CoreUI-Private/_Angular2_Development
11 silly lifecycle CoreUI@1.0.0-alpha.1~start: Args: [ '-c', 'tsc && concurrently "tsc -w" "lite-server" ' ]
12 silly lifecycle CoreUI@1.0.0-alpha.1~start: Returned: code: 2  signal: null
13 info lifecycle CoreUI@1.0.0-alpha.1~start: Failed to exec start script
14 verbose stack Error: CoreUI@1.0.0-alpha.1 start: `tsc && concurrently "tsc -w" "lite-server" `
14 verbose stack Exit status 2
14 verbose stack     at EventEmitter.<anonymous> (/usr/local/lib/node_modules/npm/lib/utils/lifecycle.js:255:16)
14 verbose stack     at EventEmitter.emit (events.js:110:17)
14 verbose stack     at ChildProcess.<anonymous> (/usr/local/lib/node_modules/npm/lib/utils/spawn.js:40:14)
14 verbose stack     at ChildProcess.emit (events.js:110:17)
14 verbose stack     at maybeClose (child_process.js:1015:16)
14 verbose stack     at Process.ChildProcess._handle.onexit (child_process.js:1087:5)
15 verbose pkgid CoreUI@1.0.0-alpha.1
16 verbose cwd /Applications/MAMP/htdocs/crtlbs/CoreUI-Private/_Angular2_Development
17 error Darwin 15.5.0
18 error argv "node" "/usr/local/bin/npm" "start"
19 error node v0.12.7
20 error npm  v3.10.6
21 error code ELIFECYCLE
22 error CoreUI@1.0.0-alpha.1 start: `tsc && concurrently "tsc -w" "lite-server" `
22 error Exit status 2
23 error Failed at the CoreUI@1.0.0-alpha.1 start script 'tsc && concurrently "tsc -w" "lite-server" '.
23 error Make sure you have the latest version of node.js and npm installed.
23 error If you do, this is most likely a problem with the CoreUI package,
23 error not with npm itself.
23 error Tell the author that this fails on your system:
23 error     tsc && concurrently "tsc -w" "lite-server"
23 error You can get information on how to open an issue for this project with:
23 error     npm bugs CoreUI
23 error Or if that isn't available, you can get their info via:
23 error     npm owner ls CoreUI
23 error There is likely additional logging output above.
24 verbose exit [ 1, true ]
